2022-02-23 17:18:30 INFO  main com.mhw.rabc.RabcDemoApplication Starting RabcDemoApplication using Java 1.8.0_311 on DESKTOP-GPLIMFT with PID 1180 (E:\code\rabc-demo\target\classes started by 11324 in E:\code\rabc-demo)
2022-02-23 17:18:30 INFO  main com.mhw.rabc.RabcDemoApplication The following profiles are active: dev
2022-02-23 17:18:31 INFO  main org.springframework.data.repository.config.RepositoryConfigurationDelegate Multiple Spring Data modules found, entering strict repository configuration mode!
2022-02-23 17:18:31 INFO  main org.springframework.data.repository.config.RepositoryConfigurationDelegate Bootstrapping Spring Data Redis repositories in DEFAULT mode.
2022-02-23 17:18:31 INFO  main org.springframework.data.repository.config.RepositoryConfigurationDelegate Finished Spring Data repository scanning in 11 ms. Found 0 Redis repository interfaces.
2022-02-23 17:18:31 INFO  main org.springframework.context.support.PostProcessorRegistrationDelegate$BeanPostProcessorChecker Bean 'redisConfig' of type [com.mhw.rabc.config.RedisConfig$$EnhancerBySpringCGLIB$$fbfecbf6] is not eligible for getting processed by all BeanPostProcessors (for example: not eligible for auto-proxying)
2022-02-23 17:18:32 INFO  main org.springframework.boot.web.embedded.tomcat.TomcatWebServer Tomcat initialized with port(s): 8001 (http)
2022-02-23 17:18:32 INFO  main org.apache.coyote.http11.Http11NioProtocol Initializing ProtocolHandler ["http-nio-8001"]
2022-02-23 17:18:32 INFO  main org.apache.catalina.core.StandardService Starting service [Tomcat]
2022-02-23 17:18:32 INFO  main org.apache.catalina.core.StandardEngine Starting Servlet engine: [Apache Tomcat/9.0.43]
2022-02-23 17:18:32 INFO  main org.apache.catalina.core.ContainerBase.[Tomcat].[localhost].[/] Initializing Spring embedded WebApplicationContext
2022-02-23 17:18:32 INFO  main org.springframework.boot.web.servlet.context.ServletWebServerApplicationContext Root WebApplicationContext: initialization completed in 1560 ms
2022-02-23 17:18:33 INFO  main org.springframework.scheduling.concurrent.ThreadPoolTaskExecutor Initializing ExecutorService 'applicationTaskExecutor'
2022-02-23 17:18:33 INFO  main org.apache.coyote.http11.Http11NioProtocol Starting ProtocolHandler ["http-nio-8001"]
2022-02-23 17:18:33 INFO  main org.springframework.boot.web.embedded.tomcat.TomcatWebServer Tomcat started on port(s): 8001 (http) with context path ''
2022-02-23 17:18:34 INFO  main com.mhw.rabc.RabcDemoApplication Started RabcDemoApplication in 3.97 seconds (JVM running for 4.887)
2022-02-23 17:18:45 INFO  http-nio-8001-exec-1 org.apache.catalina.core.ContainerBase.[Tomcat].[localhost].[/] Initializing Spring DispatcherServlet 'dispatcherServlet'
2022-02-23 17:18:45 INFO  http-nio-8001-exec-1 org.springframework.web.servlet.DispatcherServlet Initializing Servlet 'dispatcherServlet'
2022-02-23 17:18:45 INFO  http-nio-8001-exec-1 org.springframework.web.servlet.DispatcherServlet Completed initialization in 1 ms
2022-02-23 17:18:55 INFO  http-nio-8001-exec-6 com.zaxxer.hikari.HikariDataSource HikariPool-1 - Starting...
2022-02-23 17:18:56 INFO  http-nio-8001-exec-6 com.zaxxer.hikari.HikariDataSource HikariPool-1 - Start completed.
2022-02-23 17:20:49 INFO  SpringContextShutdownHook org.springframework.scheduling.concurrent.ThreadPoolTaskExecutor Shutting down ExecutorService 'applicationTaskExecutor'
2022-02-23 17:20:49 INFO  SpringContextShutdownHook com.zaxxer.hikari.HikariDataSource HikariPool-1 - Shutdown initiated...
2022-02-23 17:20:49 INFO  SpringContextShutdownHook com.zaxxer.hikari.HikariDataSource HikariPool-1 - Shutdown completed.
2022-02-23 17:20:54 INFO  main com.mhw.rabc.RabcDemoApplication Starting RabcDemoApplication using Java 1.8.0_311 on DESKTOP-GPLIMFT with PID 8848 (E:\code\rabc-demo\target\classes started by 11324 in E:\code\rabc-demo)
2022-02-23 17:20:54 INFO  main com.mhw.rabc.RabcDemoApplication The following profiles are active: dev
2022-02-23 17:20:55 INFO  main org.springframework.data.repository.config.RepositoryConfigurationDelegate Multiple Spring Data modules found, entering strict repository configuration mode!
2022-02-23 17:20:55 INFO  main org.springframework.data.repository.config.RepositoryConfigurationDelegate Bootstrapping Spring Data Redis repositories in DEFAULT mode.
2022-02-23 17:20:55 INFO  main org.springframework.data.repository.config.RepositoryConfigurationDelegate Finished Spring Data repository scanning in 10 ms. Found 0 Redis repository interfaces.
2022-02-23 17:20:55 INFO  main org.springframework.context.support.PostProcessorRegistrationDelegate$BeanPostProcessorChecker Bean 'redisConfig' of type [com.mhw.rabc.config.RedisConfig$$EnhancerBySpringCGLIB$$6ad48b44] is not eligible for getting processed by all BeanPostProcessors (for example: not eligible for auto-proxying)
2022-02-23 17:20:56 INFO  main org.springframework.boot.web.embedded.tomcat.TomcatWebServer Tomcat initialized with port(s): 8001 (http)
2022-02-23 17:20:56 INFO  main org.apache.coyote.http11.Http11NioProtocol Initializing ProtocolHandler ["http-nio-8001"]
2022-02-23 17:20:56 INFO  main org.apache.catalina.core.StandardService Starting service [Tomcat]
2022-02-23 17:20:56 INFO  main org.apache.catalina.core.StandardEngine Starting Servlet engine: [Apache Tomcat/9.0.43]
2022-02-23 17:20:56 INFO  main org.apache.catalina.core.ContainerBase.[Tomcat].[localhost].[/] Initializing Spring embedded WebApplicationContext
2022-02-23 17:20:56 INFO  main org.springframework.boot.web.servlet.context.ServletWebServerApplicationContext Root WebApplicationContext: initialization completed in 1758 ms
2022-02-23 17:20:58 INFO  main org.springframework.scheduling.concurrent.ThreadPoolTaskExecutor Initializing ExecutorService 'applicationTaskExecutor'
2022-02-23 17:20:58 INFO  main org.apache.coyote.http11.Http11NioProtocol Starting ProtocolHandler ["http-nio-8001"]
2022-02-23 17:20:58 INFO  main org.springframework.boot.web.embedded.tomcat.TomcatWebServer Tomcat started on port(s): 8001 (http) with context path ''
2022-02-23 17:20:58 INFO  main com.mhw.rabc.RabcDemoApplication Started RabcDemoApplication in 4.901 seconds (JVM running for 6.172)
2022-02-23 17:20:58 INFO  http-nio-8001-exec-1 org.apache.catalina.core.ContainerBase.[Tomcat].[localhost].[/] Initializing Spring DispatcherServlet 'dispatcherServlet'
2022-02-23 17:20:58 INFO  http-nio-8001-exec-1 org.springframework.web.servlet.DispatcherServlet Initializing Servlet 'dispatcherServlet'
2022-02-23 17:20:58 INFO  http-nio-8001-exec-1 org.springframework.web.servlet.DispatcherServlet Completed initialization in 1 ms
2022-02-23 17:21:16 INFO  http-nio-8001-exec-7 com.zaxxer.hikari.HikariDataSource HikariPool-1 - Starting...
2022-02-23 17:21:17 INFO  http-nio-8001-exec-7 com.zaxxer.hikari.HikariDataSource HikariPool-1 - Start completed.
2022-02-23 17:22:19 INFO  SpringContextShutdownHook org.springframework.scheduling.concurrent.ThreadPoolTaskExecutor Shutting down ExecutorService 'applicationTaskExecutor'
2022-02-23 17:22:19 INFO  SpringContextShutdownHook com.zaxxer.hikari.HikariDataSource HikariPool-1 - Shutdown initiated...
2022-02-23 17:22:19 INFO  SpringContextShutdownHook com.zaxxer.hikari.HikariDataSource HikariPool-1 - Shutdown completed.
2022-02-23 17:23:21 INFO  main com.mhw.rabc.RabcDemoApplication Starting RabcDemoApplication using Java 1.8.0_311 on DESKTOP-GPLIMFT with PID 3384 (E:\code\rabc-demo\target\classes started by 11324 in E:\code\rabc-demo)
2022-02-23 17:23:21 INFO  main com.mhw.rabc.RabcDemoApplication The following profiles are active: dev
2022-02-23 17:23:22 INFO  main org.springframework.data.repository.config.RepositoryConfigurationDelegate Multiple Spring Data modules found, entering strict repository configuration mode!
2022-02-23 17:23:22 INFO  main org.springframework.data.repository.config.RepositoryConfigurationDelegate Bootstrapping Spring Data Redis repositories in DEFAULT mode.
2022-02-23 17:23:22 INFO  main org.springframework.data.repository.config.RepositoryConfigurationDelegate Finished Spring Data repository scanning in 9 ms. Found 0 Redis repository interfaces.
2022-02-23 17:23:22 INFO  main org.springframework.context.support.PostProcessorRegistrationDelegate$BeanPostProcessorChecker Bean 'redisConfig' of type [com.mhw.rabc.config.RedisConfig$$EnhancerBySpringCGLIB$$6ad48b44] is not eligible for getting processed by all BeanPostProcessors (for example: not eligible for auto-proxying)
2022-02-23 17:23:23 INFO  main org.springframework.boot.web.embedded.tomcat.TomcatWebServer Tomcat initialized with port(s): 8001 (http)
2022-02-23 17:23:23 INFO  main org.apache.coyote.http11.Http11NioProtocol Initializing ProtocolHandler ["http-nio-8001"]
2022-02-23 17:23:23 INFO  main org.apache.catalina.core.StandardService Starting service [Tomcat]
2022-02-23 17:23:23 INFO  main org.apache.catalina.core.StandardEngine Starting Servlet engine: [Apache Tomcat/9.0.43]
2022-02-23 17:23:23 INFO  main org.apache.catalina.core.ContainerBase.[Tomcat].[localhost].[/] Initializing Spring embedded WebApplicationContext
2022-02-23 17:23:23 INFO  main org.springframework.boot.web.servlet.context.ServletWebServerApplicationContext Root WebApplicationContext: initialization completed in 1600 ms
2022-02-23 17:23:24 INFO  main org.springframework.scheduling.concurrent.ThreadPoolTaskExecutor Initializing ExecutorService 'applicationTaskExecutor'
2022-02-23 17:23:25 INFO  main org.apache.coyote.http11.Http11NioProtocol Starting ProtocolHandler ["http-nio-8001"]
2022-02-23 17:23:25 INFO  main org.springframework.boot.web.embedded.tomcat.TomcatWebServer Tomcat started on port(s): 8001 (http) with context path ''
2022-02-23 17:23:25 INFO  http-nio-8001-exec-1 org.apache.catalina.core.ContainerBase.[Tomcat].[localhost].[/] Initializing Spring DispatcherServlet 'dispatcherServlet'
2022-02-23 17:23:25 INFO  http-nio-8001-exec-1 org.springframework.web.servlet.DispatcherServlet Initializing Servlet 'dispatcherServlet'
2022-02-23 17:23:25 INFO  http-nio-8001-exec-1 org.springframework.web.servlet.DispatcherServlet Completed initialization in 3 ms
2022-02-23 17:23:25 INFO  main com.mhw.rabc.RabcDemoApplication Started RabcDemoApplication in 4.241 seconds (JVM running for 5.165)
