2022-02-25 15:11:39 INFO  main com.mhw.rabc.RabcDemoApplication Starting RabcDemoApplication using Java 1.8.0_311 on DESKTOP-GPLIMFT with PID 13532 (E:\code\rabc-demo\target\classes started by 11324 in E:\code\rabc-demo)
2022-02-25 15:11:39 INFO  main com.mhw.rabc.RabcDemoApplication The following profiles are active: dev
2022-02-25 15:11:40 INFO  main org.springframework.data.repository.config.RepositoryConfigurationDelegate Multiple Spring Data modules found, entering strict repository configuration mode!
2022-02-25 15:11:40 INFO  main org.springframework.data.repository.config.RepositoryConfigurationDelegate Bootstrapping Spring Data Redis repositories in DEFAULT mode.
2022-02-25 15:11:40 INFO  main org.springframework.data.repository.config.RepositoryConfigurationDelegate Finished Spring Data repository scanning in 10 ms. Found 0 Redis repository interfaces.
2022-02-25 15:11:41 INFO  main org.springframework.context.support.PostProcessorRegistrationDelegate$BeanPostProcessorChecker Bean 'redisConfig' of type [com.mhw.rabc.config.RedisConfig$$EnhancerBySpringCGLIB$$c1ffa832] is not eligible for getting processed by all BeanPostProcessors (for example: not eligible for auto-proxying)
2022-02-25 15:11:41 INFO  main org.springframework.boot.web.embedded.tomcat.TomcatWebServer Tomcat initialized with port(s): 8001 (http)
2022-02-25 15:11:41 INFO  main org.apache.coyote.http11.Http11NioProtocol Initializing ProtocolHandler ["http-nio-8001"]
2022-02-25 15:11:41 INFO  main org.apache.catalina.core.StandardService Starting service [Tomcat]
2022-02-25 15:11:41 INFO  main org.apache.catalina.core.StandardEngine Starting Servlet engine: [Apache Tomcat/9.0.43]
2022-02-25 15:11:41 INFO  main org.apache.catalina.core.ContainerBase.[Tomcat].[localhost].[/] Initializing Spring embedded WebApplicationContext
2022-02-25 15:11:41 INFO  main org.springframework.boot.web.servlet.context.ServletWebServerApplicationContext Root WebApplicationContext: initialization completed in 1953 ms
2022-02-25 15:11:43 INFO  main org.springframework.scheduling.concurrent.ThreadPoolTaskExecutor Initializing ExecutorService 'applicationTaskExecutor'
2022-02-25 15:11:43 INFO  main org.apache.coyote.http11.Http11NioProtocol Starting ProtocolHandler ["http-nio-8001"]
2022-02-25 15:11:43 INFO  main org.springframework.boot.web.embedded.tomcat.TomcatWebServer Tomcat started on port(s): 8001 (http) with context path ''
2022-02-25 15:11:43 INFO  main com.mhw.rabc.RabcDemoApplication Started RabcDemoApplication in 4.843 seconds (JVM running for 6.894)
2022-02-25 15:11:51 INFO  http-nio-8001-exec-1 org.apache.catalina.core.ContainerBase.[Tomcat].[localhost].[/] Initializing Spring DispatcherServlet 'dispatcherServlet'
2022-02-25 15:11:51 INFO  http-nio-8001-exec-1 org.springframework.web.servlet.DispatcherServlet Initializing Servlet 'dispatcherServlet'
2022-02-25 15:11:51 INFO  http-nio-8001-exec-1 org.springframework.web.servlet.DispatcherServlet Completed initialization in 1 ms
2022-02-25 15:16:58 INFO  http-nio-8001-exec-9 com.zaxxer.hikari.HikariDataSource HikariPool-1 - Starting...
2022-02-25 15:16:59 INFO  http-nio-8001-exec-9 com.zaxxer.hikari.HikariDataSource HikariPool-1 - Start completed.
2022-02-25 15:57:16 INFO  SpringContextShutdownHook org.springframework.scheduling.concurrent.ThreadPoolTaskExecutor Shutting down ExecutorService 'applicationTaskExecutor'
2022-02-25 15:57:16 INFO  SpringContextShutdownHook com.zaxxer.hikari.HikariDataSource HikariPool-1 - Shutdown initiated...
2022-02-25 15:57:16 INFO  SpringContextShutdownHook com.zaxxer.hikari.HikariDataSource HikariPool-1 - Shutdown completed.
2022-02-25 15:57:25 INFO  main com.mhw.rabc.RabcDemoApplication Starting RabcDemoApplication using Java 1.8.0_311 on DESKTOP-GPLIMFT with PID 9376 (E:\code\rabc-demo\target\classes started by 11324 in E:\code\rabc-demo)
2022-02-25 15:57:25 INFO  main com.mhw.rabc.RabcDemoApplication The following profiles are active: dev
2022-02-25 15:57:26 INFO  main org.springframework.data.repository.config.RepositoryConfigurationDelegate Multiple Spring Data modules found, entering strict repository configuration mode!
2022-02-25 15:57:26 INFO  main org.springframework.data.repository.config.RepositoryConfigurationDelegate Bootstrapping Spring Data Redis repositories in DEFAULT mode.
2022-02-25 15:57:26 INFO  main org.springframework.data.repository.config.RepositoryConfigurationDelegate Finished Spring Data repository scanning in 9 ms. Found 0 Redis repository interfaces.
2022-02-25 15:57:26 INFO  main org.springframework.context.support.PostProcessorRegistrationDelegate$BeanPostProcessorChecker Bean 'redisConfig' of type [com.mhw.rabc.config.RedisConfig$$EnhancerBySpringCGLIB$$c1ffa832] is not eligible for getting processed by all BeanPostProcessors (for example: not eligible for auto-proxying)
2022-02-25 15:57:26 INFO  main org.springframework.boot.web.embedded.tomcat.TomcatWebServer Tomcat initialized with port(s): 8001 (http)
2022-02-25 15:57:26 INFO  main org.apache.coyote.http11.Http11NioProtocol Initializing ProtocolHandler ["http-nio-8001"]
2022-02-25 15:57:26 INFO  main org.apache.catalina.core.StandardService Starting service [Tomcat]
2022-02-25 15:57:26 INFO  main org.apache.catalina.core.StandardEngine Starting Servlet engine: [Apache Tomcat/9.0.43]
2022-02-25 15:57:27 INFO  main org.apache.catalina.core.ContainerBase.[Tomcat].[localhost].[/] Initializing Spring embedded WebApplicationContext
2022-02-25 15:57:27 INFO  main org.springframework.boot.web.servlet.context.ServletWebServerApplicationContext Root WebApplicationContext: initialization completed in 1701 ms
2022-02-25 15:57:28 INFO  main org.springframework.scheduling.concurrent.ThreadPoolTaskExecutor Initializing ExecutorService 'applicationTaskExecutor'
2022-02-25 15:57:28 INFO  main org.apache.coyote.http11.Http11NioProtocol Starting ProtocolHandler ["http-nio-8001"]
2022-02-25 15:57:28 INFO  main org.springframework.boot.web.embedded.tomcat.TomcatWebServer Tomcat started on port(s): 8001 (http) with context path ''
2022-02-25 15:57:29 INFO  main com.mhw.rabc.RabcDemoApplication Started RabcDemoApplication in 4.502 seconds (JVM running for 5.481)
2022-02-25 15:57:34 INFO  http-nio-8001-exec-1 org.apache.catalina.core.ContainerBase.[Tomcat].[localhost].[/] Initializing Spring DispatcherServlet 'dispatcherServlet'
2022-02-25 15:57:34 INFO  http-nio-8001-exec-1 org.springframework.web.servlet.DispatcherServlet Initializing Servlet 'dispatcherServlet'
2022-02-25 15:57:34 INFO  http-nio-8001-exec-1 org.springframework.web.servlet.DispatcherServlet Completed initialization in 1 ms
2022-02-25 15:59:24 INFO  http-nio-8001-exec-6 com.zaxxer.hikari.HikariDataSource HikariPool-1 - Starting...
2022-02-25 15:59:24 INFO  http-nio-8001-exec-6 com.zaxxer.hikari.HikariDataSource HikariPool-1 - Start completed.
2022-02-25 16:13:20 INFO  SpringContextShutdownHook org.springframework.scheduling.concurrent.ThreadPoolTaskExecutor Shutting down ExecutorService 'applicationTaskExecutor'
2022-02-25 16:13:20 INFO  SpringContextShutdownHook com.zaxxer.hikari.HikariDataSource HikariPool-1 - Shutdown initiated...
2022-02-25 16:13:20 INFO  SpringContextShutdownHook com.zaxxer.hikari.HikariDataSource HikariPool-1 - Shutdown completed.
2022-02-25 16:13:29 INFO  main com.mhw.rabc.RabcDemoApplication Starting RabcDemoApplication using Java 1.8.0_311 on DESKTOP-GPLIMFT with PID 2688 (E:\code\rabc-demo\target\classes started by 11324 in E:\code\rabc-demo)
2022-02-25 16:13:29 INFO  main com.mhw.rabc.RabcDemoApplication The following profiles are active: dev
2022-02-25 16:13:30 INFO  main org.springframework.data.repository.config.RepositoryConfigurationDelegate Multiple Spring Data modules found, entering strict repository configuration mode!
2022-02-25 16:13:30 INFO  main org.springframework.data.repository.config.RepositoryConfigurationDelegate Bootstrapping Spring Data Redis repositories in DEFAULT mode.
2022-02-25 16:13:30 INFO  main org.springframework.data.repository.config.RepositoryConfigurationDelegate Finished Spring Data repository scanning in 9 ms. Found 0 Redis repository interfaces.
2022-02-25 16:13:30 INFO  main org.springframework.context.support.PostProcessorRegistrationDelegate$BeanPostProcessorChecker Bean 'redisConfig' of type [com.mhw.rabc.config.RedisConfig$$EnhancerBySpringCGLIB$$405c760d] is not eligible for getting processed by all BeanPostProcessors (for example: not eligible for auto-proxying)
2022-02-25 16:13:30 INFO  main org.springframework.boot.web.embedded.tomcat.TomcatWebServer Tomcat initialized with port(s): 8001 (http)
2022-02-25 16:13:30 INFO  main org.apache.coyote.http11.Http11NioProtocol Initializing ProtocolHandler ["http-nio-8001"]
2022-02-25 16:13:30 INFO  main org.apache.catalina.core.StandardService Starting service [Tomcat]
2022-02-25 16:13:30 INFO  main org.apache.catalina.core.StandardEngine Starting Servlet engine: [Apache Tomcat/9.0.43]
2022-02-25 16:13:31 INFO  main org.apache.catalina.core.ContainerBase.[Tomcat].[localhost].[/] Initializing Spring embedded WebApplicationContext
2022-02-25 16:13:31 INFO  main org.springframework.boot.web.servlet.context.ServletWebServerApplicationContext Root WebApplicationContext: initialization completed in 1662 ms
2022-02-25 16:13:32 INFO  main org.springframework.scheduling.concurrent.ThreadPoolTaskExecutor Initializing ExecutorService 'applicationTaskExecutor'
2022-02-25 16:13:32 INFO  main org.apache.coyote.http11.Http11NioProtocol Starting ProtocolHandler ["http-nio-8001"]
2022-02-25 16:13:32 INFO  main org.springframework.boot.web.embedded.tomcat.TomcatWebServer Tomcat started on port(s): 8001 (http) with context path ''
2022-02-25 16:13:33 INFO  main com.mhw.rabc.RabcDemoApplication Started RabcDemoApplication in 4.387 seconds (JVM running for 5.567)
2022-02-25 16:13:36 INFO  http-nio-8001-exec-1 org.apache.catalina.core.ContainerBase.[Tomcat].[localhost].[/] Initializing Spring DispatcherServlet 'dispatcherServlet'
2022-02-25 16:13:36 INFO  http-nio-8001-exec-1 org.springframework.web.servlet.DispatcherServlet Initializing Servlet 'dispatcherServlet'
2022-02-25 16:13:36 INFO  http-nio-8001-exec-1 org.springframework.web.servlet.DispatcherServlet Completed initialization in 1 ms
2022-02-25 16:14:46 INFO  http-nio-8001-exec-7 com.zaxxer.hikari.HikariDataSource HikariPool-1 - Starting...
2022-02-25 16:14:46 INFO  http-nio-8001-exec-7 com.zaxxer.hikari.HikariDataSource HikariPool-1 - Start completed.
2022-02-25 16:34:10 INFO  SpringContextShutdownHook org.springframework.scheduling.concurrent.ThreadPoolTaskExecutor Shutting down ExecutorService 'applicationTaskExecutor'
2022-02-25 16:34:10 INFO  SpringContextShutdownHook com.zaxxer.hikari.HikariDataSource HikariPool-1 - Shutdown initiated...
2022-02-25 16:34:10 INFO  SpringContextShutdownHook com.zaxxer.hikari.HikariDataSource HikariPool-1 - Shutdown completed.
