2022-02-24 15:26:04 INFO  SpringContextShutdownHook org.springframework.scheduling.concurrent.ThreadPoolTaskExecutor Shutting down ExecutorService 'applicationTaskExecutor'
2022-02-24 15:26:18 INFO  main com.mhw.rabc.RabcDemoApplication Starting RabcDemoApplication using Java 1.8.0_311 on DESKTOP-GPLIMFT with PID 5868 (E:\code\rabc-demo\target\classes started by 11324 in E:\code\rabc-demo)
2022-02-24 15:26:18 INFO  main com.mhw.rabc.RabcDemoApplication The following profiles are active: dev
2022-02-24 15:26:20 INFO  main org.springframework.data.repository.config.RepositoryConfigurationDelegate Multiple Spring Data modules found, entering strict repository configuration mode!
2022-02-24 15:26:20 INFO  main org.springframework.data.repository.config.RepositoryConfigurationDelegate Bootstrapping Spring Data Redis repositories in DEFAULT mode.
2022-02-24 15:26:20 INFO  main org.springframework.data.repository.config.RepositoryConfigurationDelegate Finished Spring Data repository scanning in 9 ms. Found 0 Redis repository interfaces.
2022-02-24 15:26:20 INFO  main org.springframework.context.support.PostProcessorRegistrationDelegate$BeanPostProcessorChecker Bean 'redisConfig' of type [com.mhw.rabc.config.RedisConfig$$EnhancerBySpringCGLIB$$6ad48b44] is not eligible for getting processed by all BeanPostProcessors (for example: not eligible for auto-proxying)
2022-02-24 15:26:20 INFO  main org.springframework.boot.web.embedded.tomcat.TomcatWebServer Tomcat initialized with port(s): 8001 (http)
2022-02-24 15:26:20 INFO  main org.apache.coyote.http11.Http11NioProtocol Initializing ProtocolHandler ["http-nio-8001"]
2022-02-24 15:26:20 INFO  main org.apache.catalina.core.StandardService Starting service [Tomcat]
2022-02-24 15:26:20 INFO  main org.apache.catalina.core.StandardEngine Starting Servlet engine: [Apache Tomcat/9.0.43]
2022-02-24 15:26:20 INFO  main org.apache.catalina.core.ContainerBase.[Tomcat].[localhost].[/] Initializing Spring embedded WebApplicationContext
2022-02-24 15:26:20 INFO  main org.springframework.boot.web.servlet.context.ServletWebServerApplicationContext Root WebApplicationContext: initialization completed in 1805 ms
2022-02-24 15:26:22 INFO  main org.springframework.scheduling.concurrent.ThreadPoolTaskExecutor Initializing ExecutorService 'applicationTaskExecutor'
2022-02-24 15:26:22 INFO  main org.apache.coyote.http11.Http11NioProtocol Starting ProtocolHandler ["http-nio-8001"]
2022-02-24 15:26:22 INFO  main org.springframework.boot.web.embedded.tomcat.TomcatWebServer Tomcat started on port(s): 8001 (http) with context path ''
2022-02-24 15:26:22 INFO  main com.mhw.rabc.RabcDemoApplication Started RabcDemoApplication in 4.246 seconds (JVM running for 5.389)
2022-02-24 15:26:28 INFO  http-nio-8001-exec-1 org.apache.catalina.core.ContainerBase.[Tomcat].[localhost].[/] Initializing Spring DispatcherServlet 'dispatcherServlet'
2022-02-24 15:26:28 INFO  http-nio-8001-exec-1 org.springframework.web.servlet.DispatcherServlet Initializing Servlet 'dispatcherServlet'
2022-02-24 15:26:28 INFO  http-nio-8001-exec-1 org.springframework.web.servlet.DispatcherServlet Completed initialization in 2 ms
2022-02-24 15:26:39 INFO  http-nio-8001-exec-2 com.zaxxer.hikari.HikariDataSource HikariPool-1 - Starting...
2022-02-24 15:26:39 INFO  http-nio-8001-exec-2 com.zaxxer.hikari.HikariDataSource HikariPool-1 - Start completed.
2022-02-24 15:29:26 INFO  SpringContextShutdownHook org.springframework.scheduling.concurrent.ThreadPoolTaskExecutor Shutting down ExecutorService 'applicationTaskExecutor'
2022-02-24 15:29:26 INFO  SpringContextShutdownHook com.zaxxer.hikari.HikariDataSource HikariPool-1 - Shutdown initiated...
2022-02-24 15:29:26 INFO  SpringContextShutdownHook com.zaxxer.hikari.HikariDataSource HikariPool-1 - Shutdown completed.
2022-02-24 15:29:32 INFO  main com.mhw.rabc.RabcDemoApplication Starting RabcDemoApplication using Java 1.8.0_311 on DESKTOP-GPLIMFT with PID 6728 (E:\code\rabc-demo\target\classes started by 11324 in E:\code\rabc-demo)
2022-02-24 15:29:32 INFO  main com.mhw.rabc.RabcDemoApplication The following profiles are active: dev
2022-02-24 15:29:33 INFO  main org.springframework.data.repository.config.RepositoryConfigurationDelegate Multiple Spring Data modules found, entering strict repository configuration mode!
2022-02-24 15:29:33 INFO  main org.springframework.data.repository.config.RepositoryConfigurationDelegate Bootstrapping Spring Data Redis repositories in DEFAULT mode.
2022-02-24 15:29:33 INFO  main org.springframework.data.repository.config.RepositoryConfigurationDelegate Finished Spring Data repository scanning in 9 ms. Found 0 Redis repository interfaces.
2022-02-24 15:29:33 INFO  main org.springframework.context.support.PostProcessorRegistrationDelegate$BeanPostProcessorChecker Bean 'redisConfig' of type [com.mhw.rabc.config.RedisConfig$$EnhancerBySpringCGLIB$$6ad48b44] is not eligible for getting processed by all BeanPostProcessors (for example: not eligible for auto-proxying)
2022-02-24 15:29:34 INFO  main org.springframework.boot.web.embedded.tomcat.TomcatWebServer Tomcat initialized with port(s): 8001 (http)
2022-02-24 15:29:34 INFO  main org.apache.coyote.http11.Http11NioProtocol Initializing ProtocolHandler ["http-nio-8001"]
2022-02-24 15:29:34 INFO  main org.apache.catalina.core.StandardService Starting service [Tomcat]
2022-02-24 15:29:34 INFO  main org.apache.catalina.core.StandardEngine Starting Servlet engine: [Apache Tomcat/9.0.43]
2022-02-24 15:29:34 INFO  main org.apache.catalina.core.ContainerBase.[Tomcat].[localhost].[/] Initializing Spring embedded WebApplicationContext
2022-02-24 15:29:34 INFO  main org.springframework.boot.web.servlet.context.ServletWebServerApplicationContext Root WebApplicationContext: initialization completed in 1555 ms
2022-02-24 15:29:35 INFO  main org.springframework.scheduling.concurrent.ThreadPoolTaskExecutor Initializing ExecutorService 'applicationTaskExecutor'
2022-02-24 15:29:35 INFO  main org.apache.coyote.http11.Http11NioProtocol Starting ProtocolHandler ["http-nio-8001"]
2022-02-24 15:29:35 INFO  main org.springframework.boot.web.embedded.tomcat.TomcatWebServer Tomcat started on port(s): 8001 (http) with context path ''
2022-02-24 15:29:36 INFO  main com.mhw.rabc.RabcDemoApplication Started RabcDemoApplication in 3.952 seconds (JVM running for 4.767)
2022-02-24 15:29:42 INFO  http-nio-8001-exec-1 org.apache.catalina.core.ContainerBase.[Tomcat].[localhost].[/] Initializing Spring DispatcherServlet 'dispatcherServlet'
2022-02-24 15:29:42 INFO  http-nio-8001-exec-1 org.springframework.web.servlet.DispatcherServlet Initializing Servlet 'dispatcherServlet'
2022-02-24 15:29:42 INFO  http-nio-8001-exec-1 org.springframework.web.servlet.DispatcherServlet Completed initialization in 1 ms
2022-02-24 15:29:54 INFO  http-nio-8001-exec-4 com.zaxxer.hikari.HikariDataSource HikariPool-1 - Starting...
2022-02-24 15:29:54 INFO  http-nio-8001-exec-4 com.zaxxer.hikari.HikariDataSource HikariPool-1 - Start completed.
2022-02-24 15:34:05 INFO  SpringContextShutdownHook org.springframework.scheduling.concurrent.ThreadPoolTaskExecutor Shutting down ExecutorService 'applicationTaskExecutor'
2022-02-24 15:34:05 INFO  SpringContextShutdownHook com.zaxxer.hikari.HikariDataSource HikariPool-1 - Shutdown initiated...
2022-02-24 15:34:05 INFO  SpringContextShutdownHook com.zaxxer.hikari.HikariDataSource HikariPool-1 - Shutdown completed.
2022-02-24 15:34:12 INFO  main com.mhw.rabc.RabcDemoApplication Starting RabcDemoApplication using Java 1.8.0_311 on DESKTOP-GPLIMFT with PID 11168 (E:\code\rabc-demo\target\classes started by 11324 in E:\code\rabc-demo)
2022-02-24 15:34:12 INFO  main com.mhw.rabc.RabcDemoApplication The following profiles are active: dev
2022-02-24 15:34:13 INFO  main org.springframework.data.repository.config.RepositoryConfigurationDelegate Multiple Spring Data modules found, entering strict repository configuration mode!
2022-02-24 15:34:13 INFO  main org.springframework.data.repository.config.RepositoryConfigurationDelegate Bootstrapping Spring Data Redis repositories in DEFAULT mode.
2022-02-24 15:34:13 INFO  main org.springframework.data.repository.config.RepositoryConfigurationDelegate Finished Spring Data repository scanning in 9 ms. Found 0 Redis repository interfaces.
2022-02-24 15:34:13 INFO  main org.springframework.context.support.PostProcessorRegistrationDelegate$BeanPostProcessorChecker Bean 'redisConfig' of type [com.mhw.rabc.config.RedisConfig$$EnhancerBySpringCGLIB$$5884ce80] is not eligible for getting processed by all BeanPostProcessors (for example: not eligible for auto-proxying)
2022-02-24 15:34:13 INFO  main org.springframework.boot.web.embedded.tomcat.TomcatWebServer Tomcat initialized with port(s): 8001 (http)
2022-02-24 15:34:13 INFO  main org.apache.coyote.http11.Http11NioProtocol Initializing ProtocolHandler ["http-nio-8001"]
2022-02-24 15:34:13 INFO  main org.apache.catalina.core.StandardService Starting service [Tomcat]
2022-02-24 15:34:13 INFO  main org.apache.catalina.core.StandardEngine Starting Servlet engine: [Apache Tomcat/9.0.43]
2022-02-24 15:34:13 INFO  main org.apache.catalina.core.ContainerBase.[Tomcat].[localhost].[/] Initializing Spring embedded WebApplicationContext
2022-02-24 15:34:13 INFO  main org.springframework.boot.web.servlet.context.ServletWebServerApplicationContext Root WebApplicationContext: initialization completed in 1557 ms
2022-02-24 15:34:15 INFO  main org.springframework.scheduling.concurrent.ThreadPoolTaskExecutor Initializing ExecutorService 'applicationTaskExecutor'
2022-02-24 15:34:15 INFO  main org.apache.coyote.http11.Http11NioProtocol Starting ProtocolHandler ["http-nio-8001"]
2022-02-24 15:34:15 INFO  main org.springframework.boot.web.embedded.tomcat.TomcatWebServer Tomcat started on port(s): 8001 (http) with context path ''
2022-02-24 15:34:15 INFO  main com.mhw.rabc.RabcDemoApplication Started RabcDemoApplication in 4.236 seconds (JVM running for 5.06)
2022-02-24 15:34:18 INFO  http-nio-8001-exec-5 org.apache.catalina.core.ContainerBase.[Tomcat].[localhost].[/] Initializing Spring DispatcherServlet 'dispatcherServlet'
2022-02-24 15:34:18 INFO  http-nio-8001-exec-5 org.springframework.web.servlet.DispatcherServlet Initializing Servlet 'dispatcherServlet'
2022-02-24 15:34:18 INFO  http-nio-8001-exec-5 org.springframework.web.servlet.DispatcherServlet Completed initialization in 2 ms
2022-02-24 15:34:59 INFO  http-nio-8001-exec-2 com.zaxxer.hikari.HikariDataSource HikariPool-1 - Starting...
2022-02-24 15:35:00 INFO  http-nio-8001-exec-2 com.zaxxer.hikari.HikariDataSource HikariPool-1 - Start completed.
2022-02-24 15:38:30 INFO  SpringContextShutdownHook org.springframework.scheduling.concurrent.ThreadPoolTaskExecutor Shutting down ExecutorService 'applicationTaskExecutor'
2022-02-24 15:38:30 INFO  SpringContextShutdownHook com.zaxxer.hikari.HikariDataSource HikariPool-1 - Shutdown initiated...
2022-02-24 15:38:30 INFO  SpringContextShutdownHook com.zaxxer.hikari.HikariDataSource HikariPool-1 - Shutdown completed.
2022-02-24 15:38:36 INFO  main com.mhw.rabc.RabcDemoApplication Starting RabcDemoApplication using Java 1.8.0_311 on DESKTOP-GPLIMFT with PID 13800 (E:\code\rabc-demo\target\classes started by 11324 in E:\code\rabc-demo)
2022-02-24 15:38:36 INFO  main com.mhw.rabc.RabcDemoApplication The following profiles are active: dev
2022-02-24 15:38:37 INFO  main org.springframework.data.repository.config.RepositoryConfigurationDelegate Multiple Spring Data modules found, entering strict repository configuration mode!
2022-02-24 15:38:37 INFO  main org.springframework.data.repository.config.RepositoryConfigurationDelegate Bootstrapping Spring Data Redis repositories in DEFAULT mode.
2022-02-24 15:38:37 INFO  main org.springframework.data.repository.config.RepositoryConfigurationDelegate Finished Spring Data repository scanning in 9 ms. Found 0 Redis repository interfaces.
2022-02-24 15:38:37 INFO  main org.springframework.context.support.PostProcessorRegistrationDelegate$BeanPostProcessorChecker Bean 'redisConfig' of type [com.mhw.rabc.config.RedisConfig$$EnhancerBySpringCGLIB$$4be56892] is not eligible for getting processed by all BeanPostProcessors (for example: not eligible for auto-proxying)
2022-02-24 15:38:38 INFO  main org.springframework.boot.web.embedded.tomcat.TomcatWebServer Tomcat initialized with port(s): 8001 (http)
2022-02-24 15:38:38 INFO  main org.apache.coyote.http11.Http11NioProtocol Initializing ProtocolHandler ["http-nio-8001"]
2022-02-24 15:38:38 INFO  main org.apache.catalina.core.StandardService Starting service [Tomcat]
2022-02-24 15:38:38 INFO  main org.apache.catalina.core.StandardEngine Starting Servlet engine: [Apache Tomcat/9.0.43]
2022-02-24 15:38:38 INFO  main org.apache.catalina.core.ContainerBase.[Tomcat].[localhost].[/] Initializing Spring embedded WebApplicationContext
2022-02-24 15:38:38 INFO  main org.springframework.boot.web.servlet.context.ServletWebServerApplicationContext Root WebApplicationContext: initialization completed in 1677 ms
2022-02-24 15:38:39 INFO  main org.springframework.scheduling.concurrent.ThreadPoolTaskExecutor Initializing ExecutorService 'applicationTaskExecutor'
2022-02-24 15:38:39 INFO  main org.apache.coyote.http11.Http11NioProtocol Starting ProtocolHandler ["http-nio-8001"]
2022-02-24 15:38:39 INFO  main org.springframework.boot.web.embedded.tomcat.TomcatWebServer Tomcat started on port(s): 8001 (http) with context path ''
2022-02-24 15:38:40 INFO  main com.mhw.rabc.RabcDemoApplication Started RabcDemoApplication in 4.12 seconds (JVM running for 5.049)
2022-02-24 15:38:44 INFO  http-nio-8001-exec-1 org.apache.catalina.core.ContainerBase.[Tomcat].[localhost].[/] Initializing Spring DispatcherServlet 'dispatcherServlet'
2022-02-24 15:38:44 INFO  http-nio-8001-exec-1 org.springframework.web.servlet.DispatcherServlet Initializing Servlet 'dispatcherServlet'
2022-02-24 15:38:44 INFO  http-nio-8001-exec-1 org.springframework.web.servlet.DispatcherServlet Completed initialization in 1 ms
2022-02-24 15:38:49 INFO  http-nio-8001-exec-4 com.zaxxer.hikari.HikariDataSource HikariPool-1 - Starting...
2022-02-24 15:38:50 INFO  http-nio-8001-exec-4 com.zaxxer.hikari.HikariDataSource HikariPool-1 - Start completed.
2022-02-24 15:50:09 INFO  SpringContextShutdownHook org.springframework.scheduling.concurrent.ThreadPoolTaskExecutor Shutting down ExecutorService 'applicationTaskExecutor'
2022-02-24 15:50:09 INFO  SpringContextShutdownHook com.zaxxer.hikari.HikariDataSource HikariPool-1 - Shutdown initiated...
2022-02-24 15:50:09 INFO  SpringContextShutdownHook com.zaxxer.hikari.HikariDataSource HikariPool-1 - Shutdown completed.
2022-02-24 15:50:16 INFO  main com.mhw.rabc.RabcDemoApplication Starting RabcDemoApplication using Java 1.8.0_311 on DESKTOP-GPLIMFT with PID 9592 (E:\code\rabc-demo\target\classes started by 11324 in E:\code\rabc-demo)
2022-02-24 15:50:16 INFO  main com.mhw.rabc.RabcDemoApplication The following profiles are active: dev
2022-02-24 15:50:17 INFO  main org.springframework.data.repository.config.RepositoryConfigurationDelegate Multiple Spring Data modules found, entering strict repository configuration mode!
2022-02-24 15:50:17 INFO  main org.springframework.data.repository.config.RepositoryConfigurationDelegate Bootstrapping Spring Data Redis repositories in DEFAULT mode.
2022-02-24 15:50:17 INFO  main org.springframework.data.repository.config.RepositoryConfigurationDelegate Finished Spring Data repository scanning in 22 ms. Found 0 Redis repository interfaces.
2022-02-24 15:50:17 INFO  main org.springframework.context.support.PostProcessorRegistrationDelegate$BeanPostProcessorChecker Bean 'redisConfig' of type [com.mhw.rabc.config.RedisConfig$$EnhancerBySpringCGLIB$$5884ce80] is not eligible for getting processed by all BeanPostProcessors (for example: not eligible for auto-proxying)
2022-02-24 15:50:17 INFO  main org.springframework.boot.web.embedded.tomcat.TomcatWebServer Tomcat initialized with port(s): 8001 (http)
2022-02-24 15:50:17 INFO  main org.apache.coyote.http11.Http11NioProtocol Initializing ProtocolHandler ["http-nio-8001"]
2022-02-24 15:50:17 INFO  main org.apache.catalina.core.StandardService Starting service [Tomcat]
2022-02-24 15:50:17 INFO  main org.apache.catalina.core.StandardEngine Starting Servlet engine: [Apache Tomcat/9.0.43]
2022-02-24 15:50:17 INFO  main org.apache.catalina.core.ContainerBase.[Tomcat].[localhost].[/] Initializing Spring embedded WebApplicationContext
2022-02-24 15:50:17 INFO  main org.springframework.boot.web.servlet.context.ServletWebServerApplicationContext Root WebApplicationContext: initialization completed in 1601 ms
2022-02-24 15:50:19 INFO  main org.springframework.scheduling.concurrent.ThreadPoolTaskExecutor Initializing ExecutorService 'applicationTaskExecutor'
2022-02-24 15:50:19 INFO  main org.apache.coyote.http11.Http11NioProtocol Starting ProtocolHandler ["http-nio-8001"]
2022-02-24 15:50:19 INFO  main org.springframework.boot.web.embedded.tomcat.TomcatWebServer Tomcat started on port(s): 8001 (http) with context path ''
2022-02-24 15:50:20 INFO  main com.mhw.rabc.RabcDemoApplication Started RabcDemoApplication in 4.283 seconds (JVM running for 5.097)
2022-02-24 15:52:17 INFO  SpringContextShutdownHook org.springframework.scheduling.concurrent.ThreadPoolTaskExecutor Shutting down ExecutorService 'applicationTaskExecutor'
2022-02-24 15:52:23 INFO  main com.mhw.rabc.RabcDemoApplication Starting RabcDemoApplication using Java 1.8.0_311 on DESKTOP-GPLIMFT with PID 14156 (E:\code\rabc-demo\target\classes started by 11324 in E:\code\rabc-demo)
2022-02-24 15:52:23 INFO  main com.mhw.rabc.RabcDemoApplication The following profiles are active: dev
2022-02-24 15:52:24 INFO  main org.springframework.data.repository.config.RepositoryConfigurationDelegate Multiple Spring Data modules found, entering strict repository configuration mode!
2022-02-24 15:52:24 INFO  main org.springframework.data.repository.config.RepositoryConfigurationDelegate Bootstrapping Spring Data Redis repositories in DEFAULT mode.
2022-02-24 15:52:24 INFO  main org.springframework.data.repository.config.RepositoryConfigurationDelegate Finished Spring Data repository scanning in 11 ms. Found 0 Redis repository interfaces.
2022-02-24 15:52:24 INFO  main org.springframework.context.support.PostProcessorRegistrationDelegate$BeanPostProcessorChecker Bean 'redisConfig' of type [com.mhw.rabc.config.RedisConfig$$EnhancerBySpringCGLIB$$c1ffa832] is not eligible for getting processed by all BeanPostProcessors (for example: not eligible for auto-proxying)
2022-02-24 15:52:24 INFO  main org.springframework.boot.web.embedded.tomcat.TomcatWebServer Tomcat initialized with port(s): 8001 (http)
2022-02-24 15:52:24 INFO  main org.apache.coyote.http11.Http11NioProtocol Initializing ProtocolHandler ["http-nio-8001"]
2022-02-24 15:52:24 INFO  main org.apache.catalina.core.StandardService Starting service [Tomcat]
2022-02-24 15:52:24 INFO  main org.apache.catalina.core.StandardEngine Starting Servlet engine: [Apache Tomcat/9.0.43]
2022-02-24 15:52:24 INFO  main org.apache.catalina.core.ContainerBase.[Tomcat].[localhost].[/] Initializing Spring embedded WebApplicationContext
2022-02-24 15:52:24 INFO  main org.springframework.boot.web.servlet.context.ServletWebServerApplicationContext Root WebApplicationContext: initialization completed in 1444 ms
2022-02-24 15:52:26 INFO  main org.springframework.scheduling.concurrent.ThreadPoolTaskExecutor Initializing ExecutorService 'applicationTaskExecutor'
2022-02-24 15:52:26 INFO  main org.apache.coyote.http11.Http11NioProtocol Starting ProtocolHandler ["http-nio-8001"]
2022-02-24 15:52:26 INFO  main org.springframework.boot.web.embedded.tomcat.TomcatWebServer Tomcat started on port(s): 8001 (http) with context path ''
2022-02-24 15:52:26 INFO  main com.mhw.rabc.RabcDemoApplication Started RabcDemoApplication in 3.896 seconds (JVM running for 4.74)
2022-02-24 15:52:49 INFO  http-nio-8001-exec-1 org.apache.catalina.core.ContainerBase.[Tomcat].[localhost].[/] Initializing Spring DispatcherServlet 'dispatcherServlet'
2022-02-24 15:52:49 INFO  http-nio-8001-exec-1 org.springframework.web.servlet.DispatcherServlet Initializing Servlet 'dispatcherServlet'
2022-02-24 15:52:49 INFO  http-nio-8001-exec-1 org.springframework.web.servlet.DispatcherServlet Completed initialization in 2 ms
2022-02-24 15:53:04 INFO  http-nio-8001-exec-6 com.zaxxer.hikari.HikariDataSource HikariPool-1 - Starting...
2022-02-24 15:53:05 INFO  http-nio-8001-exec-6 com.zaxxer.hikari.HikariDataSource HikariPool-1 - Start completed.
2022-02-24 16:06:19 INFO  SpringContextShutdownHook org.springframework.scheduling.concurrent.ThreadPoolTaskExecutor Shutting down ExecutorService 'applicationTaskExecutor'
2022-02-24 16:06:19 INFO  SpringContextShutdownHook com.zaxxer.hikari.HikariDataSource HikariPool-1 - Shutdown initiated...
2022-02-24 16:06:19 INFO  SpringContextShutdownHook com.zaxxer.hikari.HikariDataSource HikariPool-1 - Shutdown completed.
2022-02-24 16:06:26 INFO  main com.mhw.rabc.RabcDemoApplication Starting RabcDemoApplication using Java 1.8.0_311 on DESKTOP-GPLIMFT with PID 11956 (E:\code\rabc-demo\target\classes started by 11324 in E:\code\rabc-demo)
2022-02-24 16:06:26 INFO  main com.mhw.rabc.RabcDemoApplication The following profiles are active: dev
2022-02-24 16:06:27 INFO  main org.springframework.data.repository.config.RepositoryConfigurationDelegate Multiple Spring Data modules found, entering strict repository configuration mode!
2022-02-24 16:06:27 INFO  main org.springframework.data.repository.config.RepositoryConfigurationDelegate Bootstrapping Spring Data Redis repositories in DEFAULT mode.
2022-02-24 16:06:27 INFO  main org.springframework.data.repository.config.RepositoryConfigurationDelegate Finished Spring Data repository scanning in 9 ms. Found 0 Redis repository interfaces.
2022-02-24 16:06:27 INFO  main org.springframework.context.support.PostProcessorRegistrationDelegate$BeanPostProcessorChecker Bean 'redisConfig' of type [com.mhw.rabc.config.RedisConfig$$EnhancerBySpringCGLIB$$c1ffa832] is not eligible for getting processed by all BeanPostProcessors (for example: not eligible for auto-proxying)
2022-02-24 16:06:27 INFO  main org.springframework.boot.web.embedded.tomcat.TomcatWebServer Tomcat initialized with port(s): 8001 (http)
2022-02-24 16:06:27 INFO  main org.apache.coyote.http11.Http11NioProtocol Initializing ProtocolHandler ["http-nio-8001"]
2022-02-24 16:06:27 INFO  main org.apache.catalina.core.StandardService Starting service [Tomcat]
2022-02-24 16:06:27 INFO  main org.apache.catalina.core.StandardEngine Starting Servlet engine: [Apache Tomcat/9.0.43]
2022-02-24 16:06:27 INFO  main org.apache.catalina.core.ContainerBase.[Tomcat].[localhost].[/] Initializing Spring embedded WebApplicationContext
2022-02-24 16:06:27 INFO  main org.springframework.boot.web.servlet.context.ServletWebServerApplicationContext Root WebApplicationContext: initialization completed in 1442 ms
2022-02-24 16:06:29 INFO  main org.springframework.scheduling.concurrent.ThreadPoolTaskExecutor Initializing ExecutorService 'applicationTaskExecutor'
2022-02-24 16:06:29 INFO  main org.apache.coyote.http11.Http11NioProtocol Starting ProtocolHandler ["http-nio-8001"]
2022-02-24 16:06:29 INFO  main org.springframework.boot.web.embedded.tomcat.TomcatWebServer Tomcat started on port(s): 8001 (http) with context path ''
2022-02-24 16:06:29 INFO  main com.mhw.rabc.RabcDemoApplication Started RabcDemoApplication in 3.891 seconds (JVM running for 4.77)
2022-02-24 16:06:35 INFO  http-nio-8001-exec-1 org.apache.catalina.core.ContainerBase.[Tomcat].[localhost].[/] Initializing Spring DispatcherServlet 'dispatcherServlet'
2022-02-24 16:06:35 INFO  http-nio-8001-exec-1 org.springframework.web.servlet.DispatcherServlet Initializing Servlet 'dispatcherServlet'
2022-02-24 16:06:35 INFO  http-nio-8001-exec-1 org.springframework.web.servlet.DispatcherServlet Completed initialization in 1 ms
2022-02-24 16:08:12 INFO  http-nio-8001-exec-6 com.zaxxer.hikari.HikariDataSource HikariPool-1 - Starting...
2022-02-24 16:08:13 INFO  http-nio-8001-exec-6 com.zaxxer.hikari.HikariDataSource HikariPool-1 - Start completed.
2022-02-24 16:32:07 INFO  SpringContextShutdownHook org.springframework.scheduling.concurrent.ThreadPoolTaskExecutor Shutting down ExecutorService 'applicationTaskExecutor'
2022-02-24 16:32:07 INFO  SpringContextShutdownHook com.zaxxer.hikari.HikariDataSource HikariPool-1 - Shutdown initiated...
2022-02-24 16:32:08 INFO  SpringContextShutdownHook com.zaxxer.hikari.HikariDataSource HikariPool-1 - Shutdown completed.
2022-02-24 16:32:15 INFO  main com.mhw.rabc.RabcDemoApplication Starting RabcDemoApplication using Java 1.8.0_311 on DESKTOP-GPLIMFT with PID 13576 (E:\code\rabc-demo\target\classes started by 11324 in E:\code\rabc-demo)
2022-02-24 16:32:15 INFO  main com.mhw.rabc.RabcDemoApplication The following profiles are active: dev
2022-02-24 16:32:16 INFO  main org.springframework.data.repository.config.RepositoryConfigurationDelegate Multiple Spring Data modules found, entering strict repository configuration mode!
2022-02-24 16:32:16 INFO  main org.springframework.data.repository.config.RepositoryConfigurationDelegate Bootstrapping Spring Data Redis repositories in DEFAULT mode.
2022-02-24 16:32:16 INFO  main org.springframework.data.repository.config.RepositoryConfigurationDelegate Finished Spring Data repository scanning in 9 ms. Found 0 Redis repository interfaces.
2022-02-24 16:32:16 INFO  main org.springframework.context.support.PostProcessorRegistrationDelegate$BeanPostProcessorChecker Bean 'redisConfig' of type [com.mhw.rabc.config.RedisConfig$$EnhancerBySpringCGLIB$$c1ffa832] is not eligible for getting processed by all BeanPostProcessors (for example: not eligible for auto-proxying)
2022-02-24 16:32:16 INFO  main org.springframework.boot.web.embedded.tomcat.TomcatWebServer Tomcat initialized with port(s): 8001 (http)
2022-02-24 16:32:16 INFO  main org.apache.coyote.http11.Http11NioProtocol Initializing ProtocolHandler ["http-nio-8001"]
2022-02-24 16:32:16 INFO  main org.apache.catalina.core.StandardService Starting service [Tomcat]
2022-02-24 16:32:16 INFO  main org.apache.catalina.core.StandardEngine Starting Servlet engine: [Apache Tomcat/9.0.43]
2022-02-24 16:32:16 INFO  main org.apache.catalina.core.ContainerBase.[Tomcat].[localhost].[/] Initializing Spring embedded WebApplicationContext
2022-02-24 16:32:16 INFO  main org.springframework.boot.web.servlet.context.ServletWebServerApplicationContext Root WebApplicationContext: initialization completed in 1403 ms
2022-02-24 16:32:18 INFO  main org.springframework.scheduling.concurrent.ThreadPoolTaskExecutor Initializing ExecutorService 'applicationTaskExecutor'
2022-02-24 16:32:18 INFO  main org.apache.coyote.http11.Http11NioProtocol Starting ProtocolHandler ["http-nio-8001"]
2022-02-24 16:32:18 INFO  main org.springframework.boot.web.embedded.tomcat.TomcatWebServer Tomcat started on port(s): 8001 (http) with context path ''
2022-02-24 16:32:18 INFO  main com.mhw.rabc.RabcDemoApplication Started RabcDemoApplication in 3.821 seconds (JVM running for 4.609)
2022-02-24 16:32:23 INFO  http-nio-8001-exec-1 org.apache.catalina.core.ContainerBase.[Tomcat].[localhost].[/] Initializing Spring DispatcherServlet 'dispatcherServlet'
2022-02-24 16:32:23 INFO  http-nio-8001-exec-1 org.springframework.web.servlet.DispatcherServlet Initializing Servlet 'dispatcherServlet'
2022-02-24 16:32:23 INFO  http-nio-8001-exec-1 org.springframework.web.servlet.DispatcherServlet Completed initialization in 1 ms
2022-02-24 16:33:01 INFO  http-nio-8001-exec-6 com.zaxxer.hikari.HikariDataSource HikariPool-1 - Starting...
2022-02-24 16:33:01 INFO  http-nio-8001-exec-6 com.zaxxer.hikari.HikariDataSource HikariPool-1 - Start completed.
2022-02-24 16:53:40 INFO  SpringContextShutdownHook org.springframework.scheduling.concurrent.ThreadPoolTaskExecutor Shutting down ExecutorService 'applicationTaskExecutor'
2022-02-24 16:53:40 INFO  SpringContextShutdownHook com.zaxxer.hikari.HikariDataSource HikariPool-1 - Shutdown initiated...
2022-02-24 16:53:40 INFO  SpringContextShutdownHook com.zaxxer.hikari.HikariDataSource HikariPool-1 - Shutdown completed.
2022-02-24 16:53:46 INFO  main com.mhw.rabc.RabcDemoApplication Starting RabcDemoApplication using Java 1.8.0_311 on DESKTOP-GPLIMFT with PID 13564 (E:\code\rabc-demo\target\classes started by 11324 in E:\code\rabc-demo)
2022-02-24 16:53:46 INFO  main com.mhw.rabc.RabcDemoApplication The following profiles are active: dev
2022-02-24 16:53:47 INFO  main org.springframework.data.repository.config.RepositoryConfigurationDelegate Multiple Spring Data modules found, entering strict repository configuration mode!
2022-02-24 16:53:47 INFO  main org.springframework.data.repository.config.RepositoryConfigurationDelegate Bootstrapping Spring Data Redis repositories in DEFAULT mode.
2022-02-24 16:53:47 INFO  main org.springframework.data.repository.config.RepositoryConfigurationDelegate Finished Spring Data repository scanning in 10 ms. Found 0 Redis repository interfaces.
2022-02-24 16:53:48 INFO  main org.springframework.context.support.PostProcessorRegistrationDelegate$BeanPostProcessorChecker Bean 'redisConfig' of type [com.mhw.rabc.config.RedisConfig$$EnhancerBySpringCGLIB$$a36dfcba] is not eligible for getting processed by all BeanPostProcessors (for example: not eligible for auto-proxying)
2022-02-24 16:53:48 INFO  main org.springframework.boot.web.embedded.tomcat.TomcatWebServer Tomcat initialized with port(s): 8001 (http)
2022-02-24 16:53:48 INFO  main org.apache.coyote.http11.Http11NioProtocol Initializing ProtocolHandler ["http-nio-8001"]
2022-02-24 16:53:48 INFO  main org.apache.catalina.core.StandardService Starting service [Tomcat]
2022-02-24 16:53:48 INFO  main org.apache.catalina.core.StandardEngine Starting Servlet engine: [Apache Tomcat/9.0.43]
2022-02-24 16:53:48 INFO  main org.apache.catalina.core.ContainerBase.[Tomcat].[localhost].[/] Initializing Spring embedded WebApplicationContext
2022-02-24 16:53:48 INFO  main org.springframework.boot.web.servlet.context.ServletWebServerApplicationContext Root WebApplicationContext: initialization completed in 1668 ms
2022-02-24 16:53:50 INFO  main org.springframework.scheduling.concurrent.ThreadPoolTaskExecutor Initializing ExecutorService 'applicationTaskExecutor'
2022-02-24 16:53:50 INFO  main org.apache.coyote.http11.Http11NioProtocol Starting ProtocolHandler ["http-nio-8001"]
2022-02-24 16:53:50 INFO  main org.springframework.boot.web.embedded.tomcat.TomcatWebServer Tomcat started on port(s): 8001 (http) with context path ''
2022-02-24 16:53:50 INFO  main com.mhw.rabc.RabcDemoApplication Started RabcDemoApplication in 4.586 seconds (JVM running for 5.56)
2022-02-24 16:53:56 INFO  http-nio-8001-exec-1 org.apache.catalina.core.ContainerBase.[Tomcat].[localhost].[/] Initializing Spring DispatcherServlet 'dispatcherServlet'
2022-02-24 16:53:56 INFO  http-nio-8001-exec-1 org.springframework.web.servlet.DispatcherServlet Initializing Servlet 'dispatcherServlet'
2022-02-24 16:53:56 INFO  http-nio-8001-exec-1 org.springframework.web.servlet.DispatcherServlet Completed initialization in 3 ms
2022-02-24 16:53:56 INFO  http-nio-8001-exec-1 com.zaxxer.hikari.HikariDataSource HikariPool-1 - Starting...
2022-02-24 16:53:56 INFO  http-nio-8001-exec-1 com.zaxxer.hikari.HikariDataSource HikariPool-1 - Start completed.
2022-02-24 17:15:28 INFO  SpringContextShutdownHook org.springframework.scheduling.concurrent.ThreadPoolTaskExecutor Shutting down ExecutorService 'applicationTaskExecutor'
2022-02-24 17:15:28 INFO  SpringContextShutdownHook com.zaxxer.hikari.HikariDataSource HikariPool-1 - Shutdown initiated...
2022-02-24 17:15:28 INFO  SpringContextShutdownHook com.zaxxer.hikari.HikariDataSource HikariPool-1 - Shutdown completed.
2022-02-24 17:15:36 INFO  main com.mhw.rabc.RabcDemoApplication Starting RabcDemoApplication using Java 1.8.0_311 on DESKTOP-GPLIMFT with PID 6360 (E:\code\rabc-demo\target\classes started by 11324 in E:\code\rabc-demo)
2022-02-24 17:15:36 INFO  main com.mhw.rabc.RabcDemoApplication The following profiles are active: dev
2022-02-24 17:15:37 INFO  main org.springframework.data.repository.config.RepositoryConfigurationDelegate Multiple Spring Data modules found, entering strict repository configuration mode!
2022-02-24 17:15:37 INFO  main org.springframework.data.repository.config.RepositoryConfigurationDelegate Bootstrapping Spring Data Redis repositories in DEFAULT mode.
2022-02-24 17:15:37 INFO  main org.springframework.data.repository.config.RepositoryConfigurationDelegate Finished Spring Data repository scanning in 10 ms. Found 0 Redis repository interfaces.
2022-02-24 17:15:37 INFO  main org.springframework.context.support.PostProcessorRegistrationDelegate$BeanPostProcessorChecker Bean 'redisConfig' of type [com.mhw.rabc.config.RedisConfig$$EnhancerBySpringCGLIB$$a36dfcba] is not eligible for getting processed by all BeanPostProcessors (for example: not eligible for auto-proxying)
2022-02-24 17:15:37 INFO  main org.springframework.boot.web.embedded.tomcat.TomcatWebServer Tomcat initialized with port(s): 8001 (http)
2022-02-24 17:15:37 INFO  main org.apache.coyote.http11.Http11NioProtocol Initializing ProtocolHandler ["http-nio-8001"]
2022-02-24 17:15:37 INFO  main org.apache.catalina.core.StandardService Starting service [Tomcat]
2022-02-24 17:15:37 INFO  main org.apache.catalina.core.StandardEngine Starting Servlet engine: [Apache Tomcat/9.0.43]
2022-02-24 17:15:37 INFO  main org.apache.catalina.core.ContainerBase.[Tomcat].[localhost].[/] Initializing Spring embedded WebApplicationContext
2022-02-24 17:15:37 INFO  main org.springframework.boot.web.servlet.context.ServletWebServerApplicationContext Root WebApplicationContext: initialization completed in 1397 ms
2022-02-24 17:15:39 INFO  main org.springframework.scheduling.concurrent.ThreadPoolTaskExecutor Initializing ExecutorService 'applicationTaskExecutor'
2022-02-24 17:15:39 INFO  main org.apache.coyote.http11.Http11NioProtocol Starting ProtocolHandler ["http-nio-8001"]
2022-02-24 17:15:39 INFO  main org.springframework.boot.web.embedded.tomcat.TomcatWebServer Tomcat started on port(s): 8001 (http) with context path ''
2022-02-24 17:15:39 INFO  main com.mhw.rabc.RabcDemoApplication Started RabcDemoApplication in 3.774 seconds (JVM running for 4.574)
2022-02-24 17:15:49 INFO  http-nio-8001-exec-1 org.apache.catalina.core.ContainerBase.[Tomcat].[localhost].[/] Initializing Spring DispatcherServlet 'dispatcherServlet'
2022-02-24 17:15:49 INFO  http-nio-8001-exec-1 org.springframework.web.servlet.DispatcherServlet Initializing Servlet 'dispatcherServlet'
2022-02-24 17:15:49 INFO  http-nio-8001-exec-1 org.springframework.web.servlet.DispatcherServlet Completed initialization in 1 ms
2022-02-24 17:15:50 INFO  http-nio-8001-exec-1 com.zaxxer.hikari.HikariDataSource HikariPool-1 - Starting...
2022-02-24 17:15:50 INFO  http-nio-8001-exec-1 com.zaxxer.hikari.HikariDataSource HikariPool-1 - Start completed.
2022-02-24 17:18:26 INFO  SpringContextShutdownHook org.springframework.scheduling.concurrent.ThreadPoolTaskExecutor Shutting down ExecutorService 'applicationTaskExecutor'
2022-02-24 17:18:26 INFO  SpringContextShutdownHook com.zaxxer.hikari.HikariDataSource HikariPool-1 - Shutdown initiated...
2022-02-24 17:18:26 INFO  SpringContextShutdownHook com.zaxxer.hikari.HikariDataSource HikariPool-1 - Shutdown completed.
2022-02-24 17:18:32 INFO  main com.mhw.rabc.RabcDemoApplication Starting RabcDemoApplication using Java 1.8.0_311 on DESKTOP-GPLIMFT with PID 4480 (E:\code\rabc-demo\target\classes started by 11324 in E:\code\rabc-demo)
2022-02-24 17:18:32 INFO  main com.mhw.rabc.RabcDemoApplication The following profiles are active: dev
2022-02-24 17:18:33 INFO  main org.springframework.data.repository.config.RepositoryConfigurationDelegate Multiple Spring Data modules found, entering strict repository configuration mode!
2022-02-24 17:18:33 INFO  main org.springframework.data.repository.config.RepositoryConfigurationDelegate Bootstrapping Spring Data Redis repositories in DEFAULT mode.
2022-02-24 17:18:33 INFO  main org.springframework.data.repository.config.RepositoryConfigurationDelegate Finished Spring Data repository scanning in 10 ms. Found 0 Redis repository interfaces.
2022-02-24 17:18:34 INFO  main org.springframework.context.support.PostProcessorRegistrationDelegate$BeanPostProcessorChecker Bean 'redisConfig' of type [com.mhw.rabc.config.RedisConfig$$EnhancerBySpringCGLIB$$a36dfcba] is not eligible for getting processed by all BeanPostProcessors (for example: not eligible for auto-proxying)
2022-02-24 17:18:34 INFO  main org.springframework.boot.web.embedded.tomcat.TomcatWebServer Tomcat initialized with port(s): 8001 (http)
2022-02-24 17:18:34 INFO  main org.apache.coyote.http11.Http11NioProtocol Initializing ProtocolHandler ["http-nio-8001"]
2022-02-24 17:18:34 INFO  main org.apache.catalina.core.StandardService Starting service [Tomcat]
2022-02-24 17:18:34 INFO  main org.apache.catalina.core.StandardEngine Starting Servlet engine: [Apache Tomcat/9.0.43]
2022-02-24 17:18:34 INFO  main org.apache.catalina.core.ContainerBase.[Tomcat].[localhost].[/] Initializing Spring embedded WebApplicationContext
2022-02-24 17:18:34 INFO  main org.springframework.boot.web.servlet.context.ServletWebServerApplicationContext Root WebApplicationContext: initialization completed in 1478 ms
2022-02-24 17:18:35 INFO  main org.springframework.scheduling.concurrent.ThreadPoolTaskExecutor Initializing ExecutorService 'applicationTaskExecutor'
2022-02-24 17:18:36 INFO  main org.apache.coyote.http11.Http11NioProtocol Starting ProtocolHandler ["http-nio-8001"]
2022-02-24 17:18:36 INFO  main org.springframework.boot.web.embedded.tomcat.TomcatWebServer Tomcat started on port(s): 8001 (http) with context path ''
2022-02-24 17:18:36 INFO  main com.mhw.rabc.RabcDemoApplication Started RabcDemoApplication in 3.988 seconds (JVM running for 4.866)
2022-02-24 17:18:40 INFO  http-nio-8001-exec-1 org.apache.catalina.core.ContainerBase.[Tomcat].[localhost].[/] Initializing Spring DispatcherServlet 'dispatcherServlet'
2022-02-24 17:18:40 INFO  http-nio-8001-exec-1 org.springframework.web.servlet.DispatcherServlet Initializing Servlet 'dispatcherServlet'
2022-02-24 17:18:40 INFO  http-nio-8001-exec-1 org.springframework.web.servlet.DispatcherServlet Completed initialization in 1 ms
2022-02-24 17:18:40 INFO  http-nio-8001-exec-1 com.zaxxer.hikari.HikariDataSource HikariPool-1 - Starting...
2022-02-24 17:18:41 INFO  http-nio-8001-exec-1 com.zaxxer.hikari.HikariDataSource HikariPool-1 - Start completed.
2022-02-24 17:30:31 INFO  SpringContextShutdownHook org.springframework.scheduling.concurrent.ThreadPoolTaskExecutor Shutting down ExecutorService 'applicationTaskExecutor'
2022-02-24 17:30:31 INFO  SpringContextShutdownHook com.zaxxer.hikari.HikariDataSource HikariPool-1 - Shutdown initiated...
2022-02-24 17:30:31 INFO  SpringContextShutdownHook com.zaxxer.hikari.HikariDataSource HikariPool-1 - Shutdown completed.
